[23:40:23] [Client thread/INFO]: Setting user: Player437
[23:40:25] [Client thread/INFO]: LWJGL Version: 2.9.1
[23:40:26] [Client thread/INFO]: Reloading ResourceManager: Default, FMLFileResourcePack:Forge Mod Loader, FMLFileResourcePack:Minecraft Forge, FMLFileResourcePack:The Fabled Armaments, FMLFileResourcePack:Item Transform Helper
[23:40:27] [Sound Library Loader/INFO]: Starting up SoundSystem...
[23:40:27] [Thread-7/INFO]: Initializing LWJGL OpenAL
[23:40:27] [Thread-7/INFO]: (The LWJGL binding of OpenAL.  For more information, see http://www.lwjgl.org)
[23:40:27] [Thread-7/INFO]: OpenAL initialized.
[23:40:27] [Sound Library Loader/INFO]: Sound engine started
[23:40:28] [Client thread/ERROR]: Using missing texture, unable to load thefabledarmaments:textures/blocks/blocktest.png
java.io.FileNotFoundException: thefabledarmaments:textures/blocks/blocktest.png
	at net.minecraft.client.resources.FallbackResourceManager.getResource(FallbackResourceManager.java:70) ~[FallbackResourceManager.class:?]
	at net.minecraft.client.resources.SimpleReloadableResourceManager.getResource(SimpleReloadableResourceManager.java:67) ~[SimpleReloadableResourceManager.class:?]
	at net.minecraft.client.renderer.texture.TextureMap.loadTextureAtlas(TextureMap.java:116) [TextureMap.class:?]
	at net.minecraft.client.renderer.texture.TextureMap.loadSprites(TextureMap.java:83) [TextureMap.class:?]
	at net.minecraftforge.client.model.ModelLoader.setupModelRegistry(ModelLoader.java:94) [ModelLoader.class:?]
	at net.minecraft.client.resources.model.ModelManager.onResourceManagerReload(ModelManager.java:29) [ModelManager.class:?]
	at net.minecraft.client.resources.SimpleReloadableResourceManager.registerReloadListener(SimpleReloadableResourceManager.java:124) [SimpleReloadableResourceManager.class:?]
	at net.minecraft.client.Minecraft.startGame(Minecraft.java:507) [Minecraft.class:?]
	at net.minecraft.client.Minecraft.run(Minecraft.java:356) [Minecraft.class:?]
	at net.minecraft.client.main.Main.main(Main.java:117) [Main.class:?]
	at sun.reflect.NativeMethodAccessorImpl.invoke0(Native Method) ~[?:1.7.0_65]
	at sun.reflect.NativeMethodAccessorImpl.invoke(NativeMethodAccessorImpl.java:57) ~[?:1.7.0_65]
	at sun.reflect.DelegatingMethodAccessorImpl.invoke(DelegatingMethodAccessorImpl.java:43) ~[?:1.7.0_65]
	at java.lang.reflect.Method.invoke(Method.java:606) ~[?:1.7.0_65]
	at net.minecraft.launchwrapper.Launch.launch(Launch.java:135) [launchwrapper-1.11.jar:?]
	at net.minecraft.launchwrapper.Launch.main(Launch.java:28) [launchwrapper-1.11.jar:?]
	at net.minecraftforge.gradle.GradleStartCommon.launch(GradleStartCommon.java:85) [start/:?]
	at GradleStart.main(GradleStart.java:45) [start/:?]
[23:40:28] [Client thread/INFO]: Created: 512x512 textures-atlas
[23:40:29] [Client thread/INFO]: Reloading ResourceManager: Default, FMLFileResourcePack:Forge Mod Loader, FMLFileResourcePack:Minecraft Forge, FMLFileResourcePack:The Fabled Armaments, FMLFileResourcePack:Item Transform Helper
[23:40:29] [Client thread/INFO]: SoundSystem shutting down...
[23:40:29] [Client thread/WARN]: Author: Paul Lamb, www.paulscode.com
[23:40:29] [Sound Library Loader/INFO]: Starting up SoundSystem...
[23:40:29] [Thread-9/INFO]: Initializing LWJGL OpenAL
[23:40:29] [Thread-9/INFO]: (The LWJGL binding of OpenAL.  For more information, see http://www.lwjgl.org)
[23:40:29] [Thread-9/INFO]: OpenAL initialized.
[23:40:30] [Sound Library Loader/INFO]: Sound engine started
[23:40:30] [Client thread/ERROR]: Using missing texture, unable to load thefabledarmaments:textures/blocks/blocktest.png
java.io.FileNotFoundException: thefabledarmaments:textures/blocks/blocktest.png
	at net.minecraft.client.resources.FallbackResourceManager.getResource(FallbackResourceManager.java:70) ~[FallbackResourceManager.class:?]
	at net.minecraft.client.resources.SimpleReloadableResourceManager.getResource(SimpleReloadableResourceManager.java:67) ~[SimpleReloadableResourceManager.class:?]
	at net.minecraft.client.renderer.texture.TextureMap.loadTextureAtlas(TextureMap.java:116) [TextureMap.class:?]
	at net.minecraft.client.renderer.texture.TextureMap.loadSprites(TextureMap.java:83) [TextureMap.class:?]
	at net.minecraftforge.client.model.ModelLoader.setupModelRegistry(ModelLoader.java:94) [ModelLoader.class:?]
	at net.minecraft.client.resources.model.ModelManager.onResourceManagerReload(ModelManager.java:29) [ModelManager.class:?]
	at net.minecraft.client.resources.SimpleReloadableResourceManager.notifyReloadListeners(SimpleReloadableResourceManager.java:134) [SimpleReloadableResourceManager.class:?]
	at net.minecraft.client.resources.SimpleReloadableResourceManager.reloadResources(SimpleReloadableResourceManager.java:118) [SimpleReloadableResourceManager.class:?]
	at net.minecraft.client.Minecraft.refreshResources(Minecraft.java:767) [Minecraft.class:?]
	at net.minecraftforge.fml.client.FMLClientHandler.finishMinecraftLoading(FMLClientHandler.java:306) [FMLClientHandler.class:?]
	at net.minecraft.client.Minecraft.startGame(Minecraft.java:521) [Minecraft.class:?]
	at net.minecraft.client.Minecraft.run(Minecraft.java:356) [Minecraft.class:?]
	at net.minecraft.client.main.Main.main(Main.java:117) [Main.class:?]
	at sun.reflect.NativeMethodAccessorImpl.invoke0(Native Method) ~[?:1.7.0_65]
	at sun.reflect.NativeMethodAccessorImpl.invoke(NativeMethodAccessorImpl.java:57) ~[?:1.7.0_65]
	at sun.reflect.DelegatingMethodAccessorImpl.invoke(DelegatingMethodAccessorImpl.java:43) ~[?:1.7.0_65]
	at java.lang.reflect.Method.invoke(Method.java:606) ~[?:1.7.0_65]
	at net.minecraft.launchwrapper.Launch.launch(Launch.java:135) [launchwrapper-1.11.jar:?]
	at net.minecraft.launchwrapper.Launch.main(Launch.java:28) [launchwrapper-1.11.jar:?]
	at net.minecraftforge.gradle.GradleStartCommon.launch(GradleStartCommon.java:85) [start/:?]
	at GradleStart.main(GradleStart.java:45) [start/:?]
[23:40:30] [Client thread/INFO]: Created: 512x512 textures-atlas
[23:40:36] [Server thread/INFO]: Starting integrated minecraft server version 1.8
[23:40:36] [Server thread/INFO]: Generating keypair
[23:40:37] [Server thread/INFO]: Preparing start region for level 0
[23:40:37] [Server thread/INFO]: Changing view distance to 20, from 10
[23:40:38] [Server thread/INFO]: Player437[local:E:1329860a] logged in with entity id 176 at (58.66516674462, 79.0, 297.1607867112776)
[23:40:38] [Server thread/INFO]: Player437 joined the game
[23:41:18] [Server thread/INFO]: [Player437: Set own game mode to Creative Mode]
[23:41:18] [Client thread/INFO]: [CHAT] Your game mode has been updated
[23:42:26] [Server thread/INFO]: Saving and pausing game...
[23:42:26] [Server thread/INFO]: Saving chunks for level 'Test'/Overworld
[23:42:26] [Server thread/INFO]: Saving chunks for level 'Test'/Nether
[23:42:26] [Server thread/INFO]: Saving chunks for level 'Test'/The End
[23:42:26] [Server thread/INFO]: Stopping server
[23:42:26] [Server thread/INFO]: Saving players
[23:42:26] [Server thread/INFO]: Saving worlds
[23:42:26] [Server thread/INFO]: Saving chunks for level 'Test'/Overworld
[23:42:26] [Server thread/INFO]: Saving chunks for level 'Test'/Nether
[23:42:26] [Server thread/INFO]: Saving chunks for level 'Test'/The End
[23:42:29] [Client thread/INFO]: Stopping!
[23:42:29] [Client thread/INFO]: SoundSystem shutting down...
[23:42:30] [Client thread/WARN]: Author: Paul Lamb, www.paulscode.com
